98.01.30 14:39 B D:\OZ_dir\lib\JP\go\ipa\oz\user\garage\ApplicationGarage_cl.ci --> oz10 /home/hsugino/oz/lib/JP/go/ipa/oz/user/garage ApplicationGarage_cl.ci
98.01.30 14:39 B D:\OZ_dir\lib\JP\go\ipa\oz\user\garage\ApplicationGarage_cl.class --> oz10 /home/hsugino/oz/lib/JP/go/ipa/oz/user/garage ApplicationGarage_cl.class
98.01.30 14:39 B D:\OZ_dir\lib\JP\go\ipa\oz\user\garage\ApplicationGarage_cl.java --> oz10 /home/hsugino/oz/lib/JP/go/ipa/oz/user/garage ApplicationGarage_cl.java
98.01.30 14:39 B D:\OZ_dir\lib\JP\go\ipa\oz\user\garage\ApplicationGarage_cl.oz --> oz10 /home/hsugino/oz/lib/JP/go/ipa/oz/user/garage ApplicationGarage_cl.oz
98.01.30 14:39 B D:\OZ_dir\lib\JP\go\ipa\oz\user\garage\ApplicationGarage_if.ci --> oz10 /home/hsugino/oz/lib/JP/go/ipa/oz/user/garage ApplicationGarage_if.ci
98.01.30 14:39 B D:\OZ_dir\lib\JP\go\ipa\oz\user\garage\ApplicationGarage_if.class --> oz10 /home/hsugino/oz/lib/JP/go/ipa/oz/user/garage ApplicationGarage_if.class
98.01.30 14:39 B D:\OZ_dir\lib\JP\go\ipa\oz\user\garage\ApplicationGarage_if.java --> oz10 /home/hsugino/oz/lib/JP/go/ipa/oz/user/garage ApplicationGarage_if.java
98.01.30 14:39 B D:\OZ_dir\lib\JP\go\ipa\oz\user\garage\ApplicationGarage_pcl.class --> oz10 /home/hsugino/oz/lib/JP/go/ipa/oz/user/garage ApplicationGarage_pcl.class
98.01.30 14:39 B D:\OZ_dir\lib\JP\go\ipa\oz\user\garage\ApplicationGarage_pcl.java --> oz10 /home/hsugino/oz/lib/JP/go/ipa/oz/user/garage ApplicationGarage_pcl.java
98.01.30 14:39 B D:\OZ_dir\lib\JP\go\ipa\oz\user\garage\Garage_cl.ci --> oz10 /home/hsugino/oz/lib/JP/go/ipa/oz/user/garage Garage_cl.ci
98.01.30 14:39 B D:\OZ_dir\lib\JP\go\ipa\oz\user\garage\Garage_cl.class --> oz10 /home/hsugino/oz/lib/JP/go/ipa/oz/user/garage Garage_cl.class
98.01.30 14:39 B D:\OZ_dir\lib\JP\go\ipa\oz\user\garage\Garage_cl.java --> oz10 /home/hsugino/oz/lib/JP/go/ipa/oz/user/garage Garage_cl.java
98.01.30 14:39 B D:\OZ_dir\lib\JP\go\ipa\oz\user\garage\Garage_cl.oz --> oz10 /home/hsugino/oz/lib/JP/go/ipa/oz/user/garage Garage_cl.oz
98.01.30 14:39 B D:\OZ_dir\lib\JP\go\ipa\oz\user\garage\Garage_if.ci --> oz10 /home/hsugino/oz/lib/JP/go/ipa/oz/user/garage Garage_if.ci
98.01.30 14:39 B D:\OZ_dir\lib\JP\go\ipa\oz\user\garage\Garage_if.class --> oz10 /home/hsugino/oz/lib/JP/go/ipa/oz/user/garage Garage_if.class
98.01.30 14:39 B D:\OZ_dir\lib\JP\go\ipa\oz\user\garage\Garage_if.java --> oz10 /home/hsugino/oz/lib/JP/go/ipa/oz/user/garage Garage_if.java
98.01.30 14:39 B D:\OZ_dir\lib\JP\go\ipa\oz\user\garage\GarageException_cl.ci --> oz10 /home/hsugino/oz/lib/JP/go/ipa/oz/user/garage GarageException_cl.ci
98.01.30 14:39 B D:\OZ_dir\lib\JP\go\ipa\oz\user\garage\GarageException_cl.class --> oz10 /home/hsugino/oz/lib/JP/go/ipa/oz/user/garage GarageException_cl.class
98.01.30 14:39 B D:\OZ_dir\lib\JP\go\ipa\oz\user\garage\GarageException_cl.java --> oz10 /home/hsugino/oz/lib/JP/go/ipa/oz/user/garage GarageException_cl.java
98.01.30 14:39 B D:\OZ_dir\lib\JP\go\ipa\oz\user\garage\GarageException_cl.oz --> oz10 /home/hsugino/oz/lib/JP/go/ipa/oz/user/garage GarageException_cl.oz
98.01.30 14:39 B D:\OZ_dir\lib\JP\go\ipa\oz\user\garage\GarageException_if.ci --> oz10 /home/hsugino/oz/lib/JP/go/ipa/oz/user/garage GarageException_if.ci
98.01.30 14:39 B D:\OZ_dir\lib\JP\go\ipa\oz\user\garage\GarageException_if.class --> oz10 /home/hsugino/oz/lib/JP/go/ipa/oz/user/garage GarageException_if.class
98.01.30 14:39 B D:\OZ_dir\lib\JP\go\ipa\oz\user\garage\GarageException_if.java --> oz10 /home/hsugino/oz/lib/JP/go/ipa/oz/user/garage GarageException_if.java
98.01.30 14:39 B D:\OZ_dir\lib\JP\go\ipa\oz\user\garage\GarageOperationCanceledException_cl.ci --> oz10 /home/hsugino/oz/lib/JP/go/ipa/oz/user/garage GarageOperationCanceledException_cl.ci
98.01.30 14:39 B D:\OZ_dir\lib\JP\go\ipa\oz\user\garage\GarageOperationCanceledException_cl.class --> oz10 /home/hsugino/oz/lib/JP/go/ipa/oz/user/garage GarageOperationCanceledException_cl.class
98.01.30 14:39 B D:\OZ_dir\lib\JP\go\ipa\oz\user\garage\GarageOperationCanceledException_cl.java --> oz10 /home/hsugino/oz/lib/JP/go/ipa/oz/user/garage GarageOperationCanceledException_cl.java
98.01.30 14:39 B D:\OZ_dir\lib\JP\go\ipa\oz\user\garage\GarageOperationCanceledException_cl.oz --> oz10 /home/hsugino/oz/lib/JP/go/ipa/oz/user/garage GarageOperationCanceledException_cl.oz
98.01.30 14:39 B D:\OZ_dir\lib\JP\go\ipa\oz\user\garage\GarageOperationCanceledException_if.ci --> oz10 /home/hsugino/oz/lib/JP/go/ipa/oz/user/garage GarageOperationCanceledException_if.ci
98.01.30 14:39 B D:\OZ_dir\lib\JP\go\ipa\oz\user\garage\GarageOperationCanceledException_if.class --> oz10 /home/hsugino/oz/lib/JP/go/ipa/oz/user/garage GarageOperationCanceledException_if.class
98.01.30 14:39 B D:\OZ_dir\lib\JP\go\ipa\oz\user\garage\GarageOperationCanceledException_if.java --> oz10 /home/hsugino/oz/lib/JP/go/ipa/oz/user/garage GarageOperationCanceledException_if.java
98.01.30 14:39 B D:\OZ_dir\lib\JP\go\ipa\oz\user\garage\Key_cl.ci --> oz10 /home/hsugino/oz/lib/JP/go/ipa/oz/user/garage Key_cl.ci
98.01.30 14:39 B D:\OZ_dir\lib\JP\go\ipa\oz\user\garage\Key_cl.class --> oz10 /home/hsugino/oz/lib/JP/go/ipa/oz/user/garage Key_cl.class
98.01.30 14:39 B D:\OZ_dir\lib\JP\go\ipa\oz\user\garage\Key_cl.java --> oz10 /home/hsugino/oz/lib/JP/go/ipa/oz/user/garage Key_cl.java
98.01.30 14:39 B D:\OZ_dir\lib\JP\go\ipa\oz\user\garage\Key_cl.oz --> oz10 /home/hsugino/oz/lib/JP/go/ipa/oz/user/garage Key_cl.oz
98.01.30 14:39 B D:\OZ_dir\lib\JP\go\ipa\oz\user\garage\Key_if.ci --> oz10 /home/hsugino/oz/lib/JP/go/ipa/oz/user/garage Key_if.ci
98.01.30 14:39 B D:\OZ_dir\lib\JP\go\ipa\oz\user\garage\Key_if.class --> oz10 /home/hsugino/oz/lib/JP/go/ipa/oz/user/garage Key_if.class
98.01.30 14:39 B D:\OZ_dir\lib\JP\go\ipa\oz\user\garage\Key_if.java --> oz10 /home/hsugino/oz/lib/JP/go/ipa/oz/user/garage Key_if.java
98.01.30 14:39 B D:\OZ_dir\lib\JP\go\ipa\oz\user\garage\KeyComparator_cl.ci --> oz10 /home/hsugino/oz/lib/JP/go/ipa/oz/user/garage KeyComparator_cl.ci
98.01.30 14:39 B D:\OZ_dir\lib\JP\go\ipa\oz\user\garage\KeyComparator_cl.class --> oz10 /home/hsugino/oz/lib/JP/go/ipa/oz/user/garage KeyComparator_cl.class
98.01.30 14:39 B D:\OZ_dir\lib\JP\go\ipa\oz\user\garage\KeyComparator_cl.java --> oz10 /home/hsugino/oz/lib/JP/go/ipa/oz/user/garage KeyComparator_cl.java
98.01.30 14:39 B D:\OZ_dir\lib\JP\go\ipa\oz\user\garage\KeyComparator_cl.oz --> oz10 /home/hsugino/oz/lib/JP/go/ipa/oz/user/garage KeyComparator_cl.oz
98.01.30 14:39 B D:\OZ_dir\lib\JP\go\ipa\oz\user\garage\KeyComparator_if.ci --> oz10 /home/hsugino/oz/lib/JP/go/ipa/oz/user/garage KeyComparator_if.ci
98.01.30 14:39 B D:\OZ_dir\lib\JP\go\ipa\oz\user\garage\KeyComparator_if.class --> oz10 /home/hsugino/oz/lib/JP/go/ipa/oz/user/garage KeyComparator_if.class
98.01.30 14:39 B D:\OZ_dir\lib\JP\go\ipa\oz\user\garage\KeyComparator_if.java --> oz10 /home/hsugino/oz/lib/JP/go/ipa/oz/user/garage KeyComparator_if.java
98.01.30 14:39 B D:\OZ_dir\lib\JP\go\ipa\oz\user\garage\KeyGenerator_cl.ci --> oz10 /home/hsugino/oz/lib/JP/go/ipa/oz/user/garage KeyGenerator_cl.ci
98.01.30 14:39 B D:\OZ_dir\lib\JP\go\ipa\oz\user\garage\KeyGenerator_cl.class --> oz10 /home/hsugino/oz/lib/JP/go/ipa/oz/user/garage KeyGenerator_cl.class
98.01.30 14:39 B D:\OZ_dir\lib\JP\go\ipa\oz\user\garage\KeyGenerator_cl.java --> oz10 /home/hsugino/oz/lib/JP/go/ipa/oz/user/garage KeyGenerator_cl.java
98.01.30 14:39 B D:\OZ_dir\lib\JP\go\ipa\oz\user\garage\KeyGenerator_cl.oz --> oz10 /home/hsugino/oz/lib/JP/go/ipa/oz/user/garage KeyGenerator_cl.oz
98.01.30 14:39 B D:\OZ_dir\lib\JP\go\ipa\oz\user\garage\KeyGenerator_if.ci --> oz10 /home/hsugino/oz/lib/JP/go/ipa/oz/user/garage KeyGenerator_if.ci
98.01.30 14:39 B D:\OZ_dir\lib\JP\go\ipa\oz\user\garage\KeyGenerator_if.class --> oz10 /home/hsugino/oz/lib/JP/go/ipa/oz/user/garage KeyGenerator_if.class
98.01.30 14:39 B D:\OZ_dir\lib\JP\go\ipa\oz\user\garage\KeyGenerator_if.java --> oz10 /home/hsugino/oz/lib/JP/go/ipa/oz/user/garage KeyGenerator_if.java
98.01.30 14:39 B D:\OZ_dir\lib\JP\go\ipa\oz\user\garage\SGarage_cl.ci --> oz10 /home/hsugino/oz/lib/JP/go/ipa/oz/user/garage SGarage_cl.ci
98.01.30 14:39 B D:\OZ_dir\lib\JP\go\ipa\oz\user\garage\SGarage_cl.class --> oz10 /home/hsugino/oz/lib/JP/go/ipa/oz/user/garage SGarage_cl.class
98.01.30 14:39 B D:\OZ_dir\lib\JP\go\ipa\oz\user\garage\SGarage_cl.java --> oz10 /home/hsugino/oz/lib/JP/go/ipa/oz/user/garage SGarage_cl.java
98.01.30 14:39 B D:\OZ_dir\lib\JP\go\ipa\oz\user\garage\SGarage_cl.oz --> oz10 /home/hsugino/oz/lib/JP/go/ipa/oz/user/garage SGarage_cl.oz
98.01.30 14:39 B D:\OZ_dir\lib\JP\go\ipa\oz\user\garage\SGarage_if.ci --> oz10 /home/hsugino/oz/lib/JP/go/ipa/oz/user/garage SGarage_if.ci
98.01.30 14:39 B D:\OZ_dir\lib\JP\go\ipa\oz\user\garage\SGarage_if.class --> oz10 /home/hsugino/oz/lib/JP/go/ipa/oz/user/garage SGarage_if.class
98.01.30 14:39 B D:\OZ_dir\lib\JP\go\ipa\oz\user\garage\SGarage_if.java --> oz10 /home/hsugino/oz/lib/JP/go/ipa/oz/user/garage SGarage_if.java
98.01.30 14:39 B D:\OZ_dir\lib\JP\go\ipa\oz\user\garage\SGarage_pcl.class --> oz10 /home/hsugino/oz/lib/JP/go/ipa/oz/user/garage SGarage_pcl.class
98.01.30 14:39 B D:\OZ_dir\lib\JP\go\ipa\oz\user\garage\SGarage_pcl.java --> oz10 /home/hsugino/oz/lib/JP/go/ipa/oz/user/garage SGarage_pcl.java
98.01.30 14:39 B D:\OZ_dir\lib\JP\go\ipa\oz\user\garage\SubjectGarage_cl.ci --> oz10 /home/hsugino/oz/lib/JP/go/ipa/oz/user/garage SubjectGarage_cl.ci
98.01.30 14:39 B D:\OZ_dir\lib\JP\go\ipa\oz\user\garage\SubjectGarage_cl.class --> oz10 /home/hsugino/oz/lib/JP/go/ipa/oz/user/garage SubjectGarage_cl.class
98.01.30 14:39 B D:\OZ_dir\lib\JP\go\ipa\oz\user\garage\SubjectGarage_cl.java --> oz10 /home/hsugino/oz/lib/JP/go/ipa/oz/user/garage SubjectGarage_cl.java
98.01.30 14:39 B D:\OZ_dir\lib\JP\go\ipa\oz\user\garage\SubjectGarage_cl.oz --> oz10 /home/hsugino/oz/lib/JP/go/ipa/oz/user/garage SubjectGarage_cl.oz
98.01.30 14:39 B D:\OZ_dir\lib\JP\go\ipa\oz\user\garage\SubjectGarage_if.ci --> oz10 /home/hsugino/oz/lib/JP/go/ipa/oz/user/garage SubjectGarage_if.ci
98.01.30 14:39 B D:\OZ_dir\lib\JP\go\ipa\oz\user\garage\SubjectGarage_if.class --> oz10 /home/hsugino/oz/lib/JP/go/ipa/oz/user/garage SubjectGarage_if.class
98.01.30 14:39 B D:\OZ_dir\lib\JP\go\ipa\oz\user\garage\SubjectGarage_if.java --> oz10 /home/hsugino/oz/lib/JP/go/ipa/oz/user/garage SubjectGarage_if.java
98.01.30 14:39 B D:\OZ_dir\lib\JP\go\ipa\oz\user\garage\SubjectGarage_pcl.class --> oz10 /home/hsugino/oz/lib/JP/go/ipa/oz/user/garage SubjectGarage_pcl.class
98.01.30 14:39 B D:\OZ_dir\lib\JP\go\ipa\oz\user\garage\SubjectGarage_pcl.java --> oz10 /home/hsugino/oz/lib/JP/go/ipa/oz/user/garage SubjectGarage_pcl.java
98.01.30 14:39 B D:\OZ_dir\lib\JP\go\ipa\oz\user\garage\SummarizableIterator_cl.ci --> oz10 /home/hsugino/oz/lib/JP/go/ipa/oz/user/garage SummarizableIterator_cl.ci
98.01.30 14:39 B D:\OZ_dir\lib\JP\go\ipa\oz\user\garage\SummarizableIterator_cl.class --> oz10 /home/hsugino/oz/lib/JP/go/ipa/oz/user/garage SummarizableIterator_cl.class
98.01.30 14:39 B D:\OZ_dir\lib\JP\go\ipa\oz\user\garage\SummarizableIterator_cl.java --> oz10 /home/hsugino/oz/lib/JP/go/ipa/oz/user/garage SummarizableIterator_cl.java
98.01.30 14:39 B D:\OZ_dir\lib\JP\go\ipa\oz\user\garage\SummarizableIterator_cl.oz --> oz10 /home/hsugino/oz/lib/JP/go/ipa/oz/user/garage SummarizableIterator_cl.oz
98.01.30 14:39 B D:\OZ_dir\lib\JP\go\ipa\oz\user\garage\SummarizableIterator_if.ci --> oz10 /home/hsugino/oz/lib/JP/go/ipa/oz/user/garage SummarizableIterator_if.ci
98.01.30 14:39 B D:\OZ_dir\lib\JP\go\ipa\oz\user\garage\SummarizableIterator_if.class --> oz10 /home/hsugino/oz/lib/JP/go/ipa/oz/user/garage SummarizableIterator_if.class
98.01.30 14:39 B D:\OZ_dir\lib\JP\go\ipa\oz\user\garage\SummarizableIterator_if.java --> oz10 /home/hsugino/oz/lib/JP/go/ipa/oz/user/garage SummarizableIterator_if.java
98.01.30 14:39 B D:\OZ_dir\lib\JP\go\ipa\oz\user\garage\SummaryIterator_cl.ci --> oz10 /home/hsugino/oz/lib/JP/go/ipa/oz/user/garage SummaryIterator_cl.ci
98.01.30 14:40 B D:\OZ_dir\lib\JP\go\ipa\oz\user\garage\SummaryIterator_cl.class --> oz10 /home/hsugino/oz/lib/JP/go/ipa/oz/user/garage SummaryIterator_cl.class
98.01.30 14:40 B D:\OZ_dir\lib\JP\go\ipa\oz\user\garage\SummaryIterator_cl.java --> oz10 /home/hsugino/oz/lib/JP/go/ipa/oz/user/garage SummaryIterator_cl.java
98.01.30 14:40 B D:\OZ_dir\lib\JP\go\ipa\oz\user\garage\SummaryIterator_cl.oz --> oz10 /home/hsugino/oz/lib/JP/go/ipa/oz/user/garage SummaryIterator_cl.oz
98.01.30 14:40 B D:\OZ_dir\lib\JP\go\ipa\oz\user\garage\SummaryIterator_if.ci --> oz10 /home/hsugino/oz/lib/JP/go/ipa/oz/user/garage SummaryIterator_if.ci
98.01.30 14:40 B D:\OZ_dir\lib\JP\go\ipa\oz\user\garage\SummaryIterator_if.class --> oz10 /home/hsugino/oz/lib/JP/go/ipa/oz/user/garage SummaryIterator_if.class
98.01.30 14:40 B D:\OZ_dir\lib\JP\go\ipa\oz\user\garage\SummaryIterator_if.java --> oz10 /home/hsugino/oz/lib/JP/go/ipa/oz/user/garage SummaryIterator_if.java
